#
# A fatal error has been detected by the Java Runtime Environment:
#
#  EXCEPTION_ACCESS_VIOLATION (0xc0000005) at pc=0x00000000, pid=6440, tid=6324
#
# JRE version: 6.0_24-b07
# Java VM: Java HotSpot(TM) Client VM (19.1-b02 mixed mode windows-x86 )
# Problematic frame:
# C  0x00000000
#
# If you would like to submit a bug report, please visit:
#   http://java.sun.com/webapps/bugreport/crash.jsp
# The crash happened outside the Java Virtual Machine in native code.
# See problematic frame for where to report the bug.
#

---------------  T H R E A D  ---------------

Current thread (0x18957c00):  JavaThread "Animation Thread" [_thread_in_native, id=6324, stack(0x19970000,0x199c0000)]

siginfo: ExceptionCode=0xc0000005, reading address 0x00000000

Registers:
EAX=0x00000000, EBX=0x147756e8, ECX=0x1b463638, EDX=0x1b464ae8
ESP=0x199bfb98, EBP=0x199bfb9c, ESI=0x1b283638, EDI=0x00000000
EIP=0x00000000, EFLAGS=0x00210246

Register to memory mapping:

EAX=0x00000000
0x00000000 is pointing to unknown location

EBX=0x147756e8
{method} 
 - klass: {other class}

ECX=0x1b463638
0x1b463638 is pointing to unknown location

EDX=0x1b464ae8
0x1b464ae8 is pointing to unknown location

ESP=0x199bfb98
0x199bfb98 is pointing into the stack for thread: 0x18957c00
"Animation Thread" prio=6 tid=0x18957c00 nid=0x18b4 runnable [0x199bf000]
   java.lang.Thread.State: RUNNABLE

EBP=0x199bfb9c
0x199bfb9c is pointing into the stack for thread: 0x18957c00
"Animation Thread" prio=6 tid=0x18957c00 nid=0x18b4 runnable [0x199bf000]
   java.lang.Thread.State: RUNNABLE

ESI=0x1b283638
0x1b283638 is pointing to unknown location

EDI=0x00000000
0x00000000 is pointing to unknown location


Top of Stack: (sp=0x199bfb98)
0x199bfb98:   1b231835 199bfbfc 1b2027d5 18957c00
0x199bfba8:   147756e8 199bfbfc 147756e8 147756e8
0x199bfbb8:   188fb1fc 199bfbfc 0217e60c 00957c00
0x199bfbc8:   1b20121b 0217e7f2 18957d18 199bfc0c
0x199bfbd8:   00000013 199bfbdc 147756e8 199bfc0c
0x199bfbe8:   147783b0 00000000 147756e8 00000000
0x199bfbf8:   199bfc0c 199bfc30 02172ea1 00000000
0x199bfc08:   0217b809 042f5528 199bfc10 14776f31 

Instructions: (pc=0x00000000)
0xfffffff0:   


Stack: [0x19970000,0x199c0000],  sp=0x199bfb98,  free space=318k
Java frames: (J=compiled Java code, j=interpreted, Vv=VM code)
j  JMyron.JMyron.native_update()V+0
j  JMyron.JMyron.update()V+1
j  PSG_Processing_Code.setup()V+86
j  processing.core.PApplet.handleDraw()V+65
j  processing.core.PApplet.run()V+72
j  java.lang.Thread.run()V+11
v  ~StubRoutines::call_stub

---------------  P R O C E S S  ---------------

Java Threads: ( => current thread )
  0x1904ac00 JavaThread "Thread-24" [_thread_blocked, id=7608, stack(0x1b1b0000,0x1b200000)]
  0x1904b400 JavaThread "Thread-23" [_thread_blocked, id=1228, stack(0x1b120000,0x1b170000)]
  0x1904a000 JavaThread "Thread-22" [_thread_blocked, id=3768, stack(0x1b090000,0x1b0e0000)]
  0x19049c00 JavaThread "Thread-21" [_thread_blocked, id=2592, stack(0x1b000000,0x1b050000)]
  0x19049000 JavaThread "Thread-20" [_thread_blocked, id=7060, stack(0x1af70000,0x1afc0000)]
  0x19049400 JavaThread "Thread-19" [_thread_blocked, id=3256, stack(0x1aae0000,0x1ab30000)]
  0x1904a800 JavaThread "Thread-18" [_thread_blocked, id=2276, stack(0x1aa50000,0x1aaa0000)]
  0x1902ec00 JavaThread "Thread-17" [_thread_blocked, id=5216, stack(0x1a9c0000,0x1aa10000)]
  0x1902e800 JavaThread "Thread-16" [_thread_blocked, id=3016, stack(0x1a930000,0x1a980000)]
  0x1902e000 JavaThread "Thread-15" [_thread_blocked, id=5792, stack(0x1a8a0000,0x1a8f0000)]
  0x1902dc00 JavaThread "Thread-14" [_thread_blocked, id=3112, stack(0x1a810000,0x1a860000)]
  0x19030000 JavaThread "Thread-13" [_thread_blocked, id=5284, stack(0x1a780000,0x1a7d0000)]
  0x1902f800 JavaThread "Thread-12" [_thread_blocked, id=4592, stack(0x1a6f0000,0x1a740000)]
  0x1902d400 JavaThread "Thread-11" [_thread_blocked, id=2212, stack(0x1a660000,0x1a6b0000)]
  0x19030c00 JavaThread "Thread-10" [_thread_blocked, id=5668, stack(0x1a4d0000,0x1a520000)]
  0x1902f400 JavaThread "Thread-9" [_thread_blocked, id=5264, stack(0x1a440000,0x1a490000)]
  0x19030400 JavaThread "Thread-8" [_thread_blocked, id=7484, stack(0x1a1b0000,0x1a200000)]
  0x1902d000 JavaThread "Thread-7" [_thread_blocked, id=7428, stack(0x1a120000,0x1a170000)]
  0x1892f000 JavaThread "Thread-6" [_thread_blocked, id=4996, stack(0x1a090000,0x1a0e0000)]
  0x1892e800 JavaThread "Thread-5" [_thread_blocked, id=4060, stack(0x19ff0000,0x1a040000)]
  0x19013400 JavaThread "Thread-4" [_thread_blocked, id=4512, stack(0x19f60000,0x19fb0000)]
  0x19020800 JavaThread "Java Sound Event Dispatcher" daemon [_thread_blocked, id=7056, stack(0x19bf0000,0x19c40000)]
=>0x18957c00 JavaThread "Animation Thread" [_thread_in_native, id=6324, stack(0x19970000,0x199c0000)]
  0x18886000 JavaThread "Image Fetcher 0" daemon [_thread_blocked, id=6728, stack(0x198e0000,0x19930000)]
  0x18881c00 JavaThread "AWT-EventQueue-0" [_thread_blocked, id=7240, stack(0x19440000,0x19490000)]
  0x188a5800 JavaThread "AWT-Windows" daemon [_thread_in_native, id=6940, stack(0x18fb0000,0x19000000)]
  0x188e4400 JavaThread "AWT-Shutdown" [_thread_blocked, id=1276, stack(0x18f20000,0x18f70000)]
  0x1889e000 JavaThread "Java2D Disposer" daemon [_thread_blocked, id=2772, stack(0x18e90000,0x18ee0000)]
  0x02130800 JavaThread "Low Memory Detector" daemon [_thread_blocked, id=3444, stack(0x18680000,0x186d0000)]
  0x0212f000 JavaThread "CompilerThread0" daemon [_thread_blocked, id=6384, stack(0x185f0000,0x18640000)]
  0x02124c00 JavaThread "JDWP Command Reader" daemon [_thread_in_native, id=7724, stack(0x18560000,0x185b0000)]
  0x0211d000 JavaThread "JDWP Event Helper Thread" daemon [_thread_blocked, id=7924, stack(0x184d0000,0x18520000)]
  0x0211a000 JavaThread "JDWP Transport Listener: dt_shmem" daemon [_thread_blocked, id=1668, stack(0x18440000,0x18490000)]
  0x0210cc00 JavaThread "Attach Listener" daemon [_thread_blocked, id=4336, stack(0x183b0000,0x18400000)]
  0x0210ac00 JavaThread "Signal Dispatcher" daemon [_thread_blocked, id=6132, stack(0x18320000,0x18370000)]
  0x020ee000 JavaThread "Finalizer" daemon [_thread_blocked, id=6540, stack(0x18290000,0x182e0000)]
  0x020ec800 JavaThread "Reference Handler" daemon [_thread_blocked, id=5324, stack(0x18200000,0x18250000)]
  0x01c9c000 JavaThread "main" [_thread_blocked, id=404, stack(0x00360000,0x003b0000)]

Other Threads:
  0x020e9000 VMThread [stack: 0x18170000,0x181c0000] [id=1336]
  0x0213c400 WatcherThread [stack: 0x18710000,0x18760000] [id=7812]

VM state:not at safepoint (normal execution)

VM Mutex/Monitor currently owned by a thread: None

Heap
 def new generation   total 4928K, used 2039K [0x04170000, 0x046c0000, 0x096c0000)
  eden space 4416K,  35% used [0x04170000, 0x042f8550, 0x045c0000)
  from space 512K,  91% used [0x045c0000, 0x046358d8, 0x04640000)
  to   space 512K,   0% used [0x04640000, 0x04640000, 0x046c0000)
 tenured generation   total 10944K, used 3823K [0x096c0000, 0x0a170000, 0x14170000)
   the space 10944K,  34% used [0x096c0000, 0x09a7bd88, 0x09a7be00, 0x0a170000)
 compacting perm gen  total 12288K, used 6177K [0x14170000, 0x14d70000, 0x18170000)
   the space 12288K,  50% used [0x14170000, 0x14778658, 0x14778800, 0x14d70000)
No shared spaces configured.

Dynamic libraries:
0x00400000 - 0x00424000 	C:\Users\Welcome\Desktop\sentry gun project\processing-1.5.1\java\bin\java.exe
0x77ba0000 - 0x77d07000 	C:\Windows\SYSTEM32\ntdll.dll
0x774e0000 - 0x77620000 	C:\Windows\SYSTEM32\KERNEL32.DLL
0x77a00000 - 0x77ad0000 	C:\Windows\SYSTEM32\KERNELBASE.dll
0x738c0000 - 0x73959000 	C:\Windows\system32\apphelp.dll
0x6e7a0000 - 0x6e9f9000 	C:\Windows\AppPatch\AcGenral.DLL
0x75780000 - 0x7583e000 	C:\Windows\SYSTEM32\msvcrt.dll
0x774a0000 - 0x774de000 	C:\Windows\SYSTEM32\sechost.dll
0x755b0000 - 0x755cd000 	C:\Windows\SYSTEM32\SspiCli.dll
0x75730000 - 0x75771000 	C:\Windows\SYSTEM32\SHLWAPI.dll
0x71a70000 - 0x71b4b000 	C:\Windows\SYSTEM32\UxTheme.dll
0x76e90000 - 0x76fdc000 	C:\Windows\SYSTEM32\USER32.dll
0x76b50000 - 0x76c57000 	C:\Windows\SYSTEM32\GDI32.dll
0x737a0000 - 0x737c0000 	C:\Windows\SYSTEM32\WINMM.dll
0x72190000 - 0x721a2000 	C:\Windows\SYSTEM32\samcli.dll
0x76d80000 - 0x76e8c000 	C:\Windows\SYSTEM32\ole32.dll
0x772d0000 - 0x77365000 	C:\Windows\SYSTEM32\OLEAUT32.dll
0x72f70000 - 0x72f85000 	C:\Windows\SYSTEM32\MSACM32.dll
0x75250000 - 0x75258000 	C:\Windows\SYSTEM32\VERSION.dll
0x75840000 - 0x769f7000 	C:\Windows\SYSTEM32\SHELL32.dll
0x74bb0000 - 0x74bc9000 	C:\Windows\SYSTEM32\USERENV.dll
0x73670000 - 0x73688000 	C:\Windows\SYSTEM32\dwmapi.dll
0x716b0000 - 0x717fa000 	C:\Windows\SYSTEM32\urlmon.dll
0x778a0000 - 0x77918000 	C:\Windows\SYSTEM32\ADVAPI32.dll
0x73290000 - 0x732ee000 	C:\Windows\SYSTEM32\WINSPOOL.DRV
0x73690000 - 0x736a4000 	C:\Windows\SYSTEM32\MPR.dll
0x77920000 - 0x779d0000 	C:\Windows\SYSTEM32\RPCRT4.dll
0x755a0000 - 0x755a9000 	C:\Windows\SYSTEM32\CRYPTBASE.dll
0x755e0000 - 0x7572e000 	C:\Windows\SYSTEM32\combase.dll
0x73350000 - 0x73370000 	C:\Windows\SYSTEM32\WINMMBASE.dll
0x74b90000 - 0x74b9e000 	C:\Windows\SYSTEM32\profapi.dll
0x74bd0000 - 0x74e02000 	C:\Windows\SYSTEM32\iertutil.dll
0x74f50000 - 0x75126000 	C:\Windows\SYSTEM32\WININET.dll
0x75540000 - 0x75592000 	C:\Windows\SYSTEM32\bcryptPrimitives.dll
0x76d20000 - 0x76d5a000 	C:\Windows\SYSTEM32\cfgmgr32.dll
0x73320000 - 0x7333f000 	C:\Windows\SYSTEM32\DEVOBJ.dll
0x73a90000 - 0x73b06000 	C:\Windows\SYSTEM32\SHCORE.DLL
0x779d0000 - 0x779f5000 	C:\Windows\system32\IMM32.DLL
0x77620000 - 0x77717000 	C:\Windows\SYSTEM32\MSCTF.dll
0x7c340000 - 0x7c396000 	C:\Users\Welcome\Desktop\sentry gun project\processing-1.5.1\java\bin\msvcr71.dll
0x6d8a0000 - 0x6db46000 	C:\Users\Welcome\Desktop\sentry gun project\processing-1.5.1\java\bin\client\jvm.dll
0x6d850000 - 0x6d85c000 	C:\Users\Welcome\Desktop\sentry gun project\processing-1.5.1\java\bin\verify.dll
0x6d3d0000 - 0x6d3ef000 	C:\Users\Welcome\Desktop\sentry gun project\processing-1.5.1\java\bin\java.dll
0x6d330000 - 0x6d338000 	C:\Users\Welcome\Desktop\sentry gun project\processing-1.5.1\java\bin\hpi.dll
0x77060000 - 0x77066000 	C:\Windows\SYSTEM32\PSAPI.DLL
0x6d420000 - 0x6d449000 	C:\Users\Welcome\Desktop\sentry gun project\processing-1.5.1\java\bin\jdwp.dll
0x6d740000 - 0x6d746000 	C:\Users\Welcome\Desktop\sentry gun project\processing-1.5.1\java\bin\npt.dll
0x6d890000 - 0x6d89f000 	C:\Users\Welcome\Desktop\sentry gun project\processing-1.5.1\java\bin\zip.dll
0x6d2a0000 - 0x6d2a8000 	C:\Users\Welcome\Desktop\sentry gun project\processing-1.5.1\java\bin\dt_shmem.dll
0x6d0b0000 - 0x6d1fa000 	C:\Users\Welcome\Desktop\sentry gun project\processing-1.5.1\java\bin\awt.dll
0x71b60000 - 0x71d46000 	C:\Windows\WinSxS\x86_microsoft.windows.common-controls_6595b64144ccf1df_6.0.9600.17031_none_a9efdb8b01377ea7\COMCTL32.dll
0x72f30000 - 0x72f39000 	C:\Windows\SYSTEM32\kernel.appcore.dll
0x6d2e0000 - 0x6d32f000 	C:\Users\Welcome\Desktop\sentry gun project\processing-1.5.1\java\bin\fontmanager.dll
0x6d5c0000 - 0x6d5e4000 	C:\Users\Welcome\Desktop\sentry gun project\processing-1.5.1\java\bin\jsound.dll
0x6d5f0000 - 0x6d5f8000 	C:\Users\Welcome\Desktop\sentry gun project\processing-1.5.1\java\bin\jsoundds.dll
0x6d6c0000 - 0x6d739000 	C:\Windows\SYSTEM32\DSOUND.dll
0x74070000 - 0x740ae000 	C:\Windows\SYSTEM32\POWRPROF.dll
0x71e50000 - 0x71e9a000 	C:\Windows\SYSTEM32\MMDevAPI.DLL
0x71e10000 - 0x71e44000 	C:\Windows\SYSTEM32\wdmaud.drv
0x6d3a0000 - 0x6d3a7000 	C:\Windows\SYSTEM32\ksuser.dll
0x6d370000 - 0x6d379000 	C:\Windows\SYSTEM32\AVRT.dll
0x71db0000 - 0x71e10000 	C:\Windows\SYSTEM32\AUDIOSES.DLL
0x72f60000 - 0x72f69000 	C:\Windows\SYSTEM32\msacm32.drv
0x72f50000 - 0x72f58000 	C:\Windows\SYSTEM32\midimap.dll
0x76fe0000 - 0x7705d000 	C:\Windows\SYSTEM32\clbcatq.dll
0x1b200000 - 0x1b21b000 	C:\Users\Welcome\Documents\Processing\libraries\JMyron\library\JMyron.dll
0x1b230000 - 0x1b244000 	C:\Users\Welcome\Desktop\sentry gun project\processing-1.5.1\myron_ezcam.dll
0x1b250000 - 0x1b263000 	C:\Users\Welcome\Desktop\sentry gun project\processing-1.5.1\DSVL.dll
0x718f0000 - 0x71a6b000 	C:\Windows\SYSTEM32\QUARTZ.dll
0x7c3a0000 - 0x7c41b000 	C:\Windows\SYSTEM32\MSVCP71.dll
0x718b0000 - 0x718e1000 	C:\Windows\SYSTEM32\qcap.dll
0x72f00000 - 0x72f22000 	C:\Windows\SYSTEM32\MSVFW32.dll
0x6f880000 - 0x6f8fb000 	C:\Windows\SYSTEM32\qedit.dll
0x77380000 - 0x7740a000 	C:\Windows\SYSTEM32\COMDLG32.dll
0x730e0000 - 0x7322d000 	C:\Windows\WinSxS\x86_microsoft.windows.gdiplus_6595b64144ccf1df_1.1.9600.17227_none_dad9452e5bcb7986\gdiplus.dll
0x71ee0000 - 0x71ef3000 	C:\Windows\SYSTEM32\devenum.dll
0x77120000 - 0x772cd000 	C:\Windows\SYSTEM32\setupapi.dll
0x732f0000 - 0x73315000 	C:\Windows\SYSTEM32\ntmarta.dll
0x77080000 - 0x770b8000 	C:\Windows\SYSTEM32\WINTRUST.dll
0x77720000 - 0x7789f000 	C:\Windows\SYSTEM32\CRYPT32.dll
0x77070000 - 0x7707e000 	C:\Windows\SYSTEM32\MSASN1.dll
0x72f40000 - 0x72f4b000 	C:\Windows\SYSTEM32\msdmo.dll
0x71870000 - 0x718a6000 	C:\Windows\SYSTEM32\ksproxy.ax
0x6ebb0000 - 0x6ed68000 	C:\Windows\SYSTEM32\d3d9.dll
0x72320000 - 0x7232a000 	C:\Windows\SYSTEM32\vidcap.ax
0x71d50000 - 0x71d6d000 	C:\Windows\SYSTEM32\kswdmcap.ax
0x6e690000 - 0x6e794000 	C:\Windows\SYSTEM32\MFC42.dll
0x6e5f0000 - 0x6e68f000 	C:\Windows\SYSTEM32\ODBC32.dll
0x71da0000 - 0x71daa000 	C:\Windows\SYSTEM32\msyuv.dll

VM Arguments:
jvm_args: -Xrunjdwp:transport=dt_shmem,address=127.0.0.1:8401,suspend=y -Djava.library.path=;C:\Users\Welcome\Documents\Processing\libraries\JMyron\library;C:\Users\Welcome\Documents\Processing\libraries\blobDetection\library;C:\Users\Welcome\Desktop\sentry gun project\processing-1.5.1\modes\java\libraries\serial\library\windows32;C:\Users\Welcome\Desktop\sentry gun project\processing-1.5.1\modes\java\libraries\minim\library;C:\Users\Welcome\Desktop\sentry gun project\processing-1.5.1\modes\java\libraries\opengl\library\windows32;C:\Users\Welcome\Documents\Processing\libraries\procontroll\library;C:\Users\Welcome\Documents\Processing\libraries\guicomponents\library;C:\Users\Welcome\Desktop\sentry gun project\processing-1.5.1\java\bin;.;C:\Windows\system32;C:\Windows;C:\ProgramData\Oracle\Java\javapath;C:\Python27;C:\Python27\Scripts;C:\Program Files (x86)\NVIDIA Corporation\PhysX\Common;C:\Program Files\Broadcom\Broadcom 802.11;C:\Program Files (x86)\Intel\iCLS Client;C:\Program Files\Intel\iCLS Client;C:\Windows\system32;C:\Windows;C:\Windows\System32\Wbem;C:\Windows\System32\WindowsPowerShell\v1.0;C:\Program Files\Hewlett-Packard\SimplePass;C:\Program Files\Intel\Intel(R) Management Engine Components\DAL;C:\Program Files\Intel\Intel(R) Management Engine Components\IPT;C:\Program Files (x86)\Intel\Intel(R) Management Engine Components\DAL;C:\Program Files (x86)\Intel\Intel(R) Management Engine Components\IPT;C:\Program Files (x86)\Common Files\Adobe\AGL;C:\Program Files\PTC\Creo Elements\Pro5.0\bin;C:\Program Files\PTC\Creo Elements\Pro5.0\bin;C:\Program Files\PTC\Creo Elements\Pro5.0\bin;C:\adb;C:\Users\Welcome\Desktop\sentry gun project\processing-1.5.1\java\bin -ea 
java_command: processing.core.PApplet --location=58,58 --external --display=-1 --sketch-path=C:\Users\Welcome\Desktop\sentry gun project\Project-Sentry-Gun-master\Processing\PSG_Processing_Code PSG_Processing_Code
Launcher Type: SUN_STANDARD

Environment Variables:
PATH=C:\ProgramData\Oracle\Java\javapath;C:\Python27\;C:\Python27\Scripts;C:\Program Files (x86)\NVIDIA Corporation\PhysX\Common;C:\Program Files\Broadcom\Broadcom 802.11;C:\Program Files (x86)\Intel\iCLS Client\;C:\Program Files\Intel\iCLS Client\;C:\Windows\system32;C:\Windows;C:\Windows\System32\Wbem;C:\Windows\System32\WindowsPowerShell\v1.0\;C:\Program Files\Hewlett-Packard\SimplePass\;C:\Program Files\Intel\Intel(R) Management Engine Components\DAL;C:\Program Files\Intel\Intel(R) Management Engine Components\IPT;C:\Program Files (x86)\Intel\Intel(R) Management Engine Components\DAL;C:\Program Files (x86)\Intel\Intel(R) Management Engine Components\IPT;C:\Program Files (x86)\Common Files\Adobe\AGL;C:\Program Files\PTC\Creo Elements\Pro5.0\bin;C:\Program Files\PTC\Creo Elements\Pro5.0\bin;C:\Program Files\PTC\Creo Elements\Pro5.0\bin;C:\adb;C:\Users\Welcome\AppData\Roaming\Python\Scripts;C:\Users\Welcome\Desktop\sentry gun project\processing-1.5.1\java\bin
USERNAME=Welcome
OS=Windows_NT
PROCESSOR_IDENTIFIER=Intel64 Family 6 Model 69 Stepping 1, GenuineIntel



---------------  S Y S T E M  ---------------

OS: Windows NT 6.2 Build 9200 

CPU:total 4 (2 cores per cpu, 2 threads per core) family 6 model 69 stepping 1, cmov, cx8, fxsr, mmx, sse, sse2, sse3, ssse3, sse4.1, sse4.2, popcnt, ht

Memory: 4k page, physical 4122776k(2680108k free), swap 4843672k(2826080k free)

vm_info: Java HotSpot(TM) Client VM (19.1-b02) for windows-x86 JRE (1.6.0_24-b07), built on Feb  2 2011 17:44:41 by "java_re" with MS VC++ 7.1 (VS2003)

time: Tue Mar 21 13:17:00 2017
elapsed time: 0 seconds

