#
# A fatal error has been detected by the Java Runtime Environment:
#
#  EXCEPTION_ACCESS_VIOLATION (0xc0000005) at pc=0x00000000, pid=1680, tid=7348
#
# JRE version: 6.0_24-b07
# Java VM: Java HotSpot(TM) Client VM (19.1-b02 mixed mode windows-x86 )
# Problematic frame:
# C  0x00000000
#
# If you would like to submit a bug report, please visit:
#   http://java.sun.com/webapps/bugreport/crash.jsp
# The crash happened outside the Java Virtual Machine in native code.
# See problematic frame for where to report the bug.
#

---------------  T H R E A D  ---------------

Current thread (0x18886800):  JavaThread "Animation Thread" [_thread_in_native, id=7348, stack(0x19970000,0x199c0000)]

siginfo: ExceptionCode=0xc0000005, reading address 0x00000000

Registers:
EAX=0x00000000, EBX=0x147156e8, ECX=0x1b3a3648, EDX=0x1b3a48d8
ESP=0x199bfb98, EBP=0x199bfb9c, ESI=0x1b383648, EDI=0x00000000
EIP=0x00000000, EFLAGS=0x00210246

Register to memory mapping:

EAX=0x00000000
0x00000000 is pointing to unknown location

EBX=0x147156e8
{method} 
 - klass: {other class}

ECX=0x1b3a3648
0x1b3a3648 is pointing to unknown location

EDX=0x1b3a48d8
0x1b3a48d8 is pointing to unknown location

ESP=0x199bfb98
0x199bfb98 is pointing into the stack for thread: 0x18886800
"Animation Thread" prio=6 tid=0x18886800 nid=0x1cb4 runnable [0x199bf000]
   java.lang.Thread.State: RUNNABLE

EBP=0x199bfb9c
0x199bfb9c is pointing into the stack for thread: 0x18886800
"Animation Thread" prio=6 tid=0x18886800 nid=0x1cb4 runnable [0x199bf000]
   java.lang.Thread.State: RUNNABLE

ESI=0x1b383648
0x1b383648 is pointing to unknown location

EDI=0x00000000
0x00000000 is pointing to unknown location


Top of Stack: (sp=0x199bfb98)
0x199bfb98:   1b231835 199bfbfc 1b2027d5 18886800
0x199bfba8:   147156e8 199bfbfc 147156e8 147156e8
0x199bfbb8:   01c0fefc 199bfbfc 0211e60c 00886800
0x199bfbc8:   1b20121b 0211e7f2 18886918 199bfc0c
0x199bfbd8:   00000013 199bfbdc 147156e8 199bfc0c
0x199bfbe8:   14718390 00000000 147156e8 00000000
0x199bfbf8:   199bfc0c 199bfc30 02112ea1 00000000
0x199bfc08:   0211b809 042954f0 199bfc10 14716f31 

Instructions: (pc=0x00000000)
0xfffffff0:   


Stack: [0x19970000,0x199c0000],  sp=0x199bfb98,  free space=318k
Java frames: (J=compiled Java code, j=interpreted, Vv=VM code)
j  JMyron.JMyron.native_update()V+0
j  JMyron.JMyron.update()V+1
j  PSG_Processing_Code.setup()V+86
j  processing.core.PApplet.handleDraw()V+65
j  processing.core.PApplet.run()V+72
j  java.lang.Thread.run()V+11
v  ~StubRoutines::call_stub

---------------  P R O C E S S  ---------------

Java Threads: ( => current thread )
  0x19049800 JavaThread "Thread-24" [_thread_blocked, id=6824, stack(0x1b1b0000,0x1b200000)]
  0x1904b000 JavaThread "Thread-23" [_thread_blocked, id=5384, stack(0x1b120000,0x1b170000)]
  0x19047800 JavaThread "Thread-22" [_thread_blocked, id=3684, stack(0x1b090000,0x1b0e0000)]
  0x19047400 JavaThread "Thread-21" [_thread_blocked, id=6780, stack(0x1b000000,0x1b050000)]
  0x19046c00 JavaThread "Thread-20" [_thread_blocked, id=3900, stack(0x1af70000,0x1afc0000)]
  0x19048400 JavaThread "Thread-19" [_thread_blocked, id=7312, stack(0x1aae0000,0x1ab30000)]
  0x19048000 JavaThread "Thread-18" [_thread_blocked, id=6604, stack(0x1aa50000,0x1aaa0000)]
  0x1891b800 JavaThread "Thread-17" [_thread_blocked, id=2960, stack(0x1a9c0000,0x1aa10000)]
  0x1891f000 JavaThread "Thread-16" [_thread_blocked, id=3940, stack(0x1a930000,0x1a980000)]
  0x1891d000 JavaThread "Thread-15" [_thread_blocked, id=6724, stack(0x1a8a0000,0x1a8f0000)]
  0x1891e400 JavaThread "Thread-14" [_thread_blocked, id=3640, stack(0x1a810000,0x1a860000)]
  0x1891c000 JavaThread "Thread-13" [_thread_blocked, id=6772, stack(0x1a780000,0x1a7d0000)]
  0x1891cc00 JavaThread "Thread-12" [_thread_blocked, id=2408, stack(0x1a6f0000,0x1a740000)]
  0x1891c400 JavaThread "Thread-11" [_thread_blocked, id=5836, stack(0x1a660000,0x1a6b0000)]
  0x1891dc00 JavaThread "Thread-10" [_thread_blocked, id=7324, stack(0x1a4d0000,0x1a520000)]
  0x1891e800 JavaThread "Thread-9" [_thread_blocked, id=5676, stack(0x1a440000,0x1a490000)]
  0x1891d800 JavaThread "Thread-8" [_thread_blocked, id=6848, stack(0x1a1b0000,0x1a200000)]
  0x18935400 JavaThread "Thread-7" [_thread_blocked, id=5540, stack(0x1a120000,0x1a170000)]
  0x18935000 JavaThread "Thread-6" [_thread_blocked, id=4972, stack(0x1a090000,0x1a0e0000)]
  0x18932800 JavaThread "Thread-5" [_thread_blocked, id=1976, stack(0x19ff0000,0x1a040000)]
  0x1886fc00 JavaThread "Thread-4" [_thread_blocked, id=3740, stack(0x19f60000,0x19fb0000)]
  0x18884800 JavaThread "Java Sound Event Dispatcher" daemon [_thread_blocked, id=6228, stack(0x19bf0000,0x19c40000)]
=>0x18886800 JavaThread "Animation Thread" [_thread_in_native, id=7348, stack(0x19970000,0x199c0000)]
  0x1895e400 JavaThread "Image Fetcher 0" daemon [_thread_blocked, id=5868, stack(0x198e0000,0x19930000)]
  0x18959000 JavaThread "AWT-EventQueue-0" [_thread_blocked, id=2168, stack(0x19440000,0x19490000)]
  0x188f0000 JavaThread "AWT-Windows" daemon [_thread_in_native, id=1780, stack(0x18fb0000,0x19000000)]
  0x188ef800 JavaThread "AWT-Shutdown" [_thread_blocked, id=7748, stack(0x18f20000,0x18f70000)]
  0x188ab800 JavaThread "Java2D Disposer" daemon [_thread_blocked, id=8180, stack(0x18e90000,0x18ee0000)]
  0x01c0ec00 JavaThread "Low Memory Detector" daemon [_thread_blocked, id=4316, stack(0x18680000,0x186d0000)]
  0x01c0e400 JavaThread "CompilerThread0" daemon [_thread_blocked, id=5108, stack(0x185f0000,0x18640000)]
  0x01c01800 JavaThread "JDWP Command Reader" daemon [_thread_in_native, id=5824, stack(0x18560000,0x185b0000)]
  0x01bff000 JavaThread "JDWP Event Helper Thread" daemon [_thread_blocked, id=7680, stack(0x184d0000,0x18520000)]
  0x01bfc800 JavaThread "JDWP Transport Listener: dt_shmem" daemon [_thread_blocked, id=1108, stack(0x18440000,0x18490000)]
  0x01befc00 JavaThread "Attach Listener" daemon [_thread_blocked, id=2828, stack(0x183b0000,0x18400000)]
  0x01bee400 JavaThread "Signal Dispatcher" daemon [_thread_blocked, id=6816, stack(0x18320000,0x18370000)]
  0x01bce000 JavaThread "Finalizer" daemon [_thread_blocked, id=8128, stack(0x18290000,0x182e0000)]
  0x01bcc800 JavaThread "Reference Handler" daemon [_thread_blocked, id=5360, stack(0x18200000,0x18250000)]
  0x01ddc000 JavaThread "main" [_thread_blocked, id=5084, stack(0x00330000,0x00380000)]

Other Threads:
  0x01bc9000 VMThread [stack: 0x18170000,0x181c0000] [id=6924]
  0x01c18800 WatcherThread [stack: 0x18710000,0x18760000] [id=1512]

VM state:not at safepoint (normal execution)

VM Mutex/Monitor currently owned by a thread: None

Heap
 def new generation   total 4928K, used 2043K [0x04110000, 0x04660000, 0x09660000)
  eden space 4416K,  35% used [0x04110000, 0x04299648, 0x04560000)
  from space 512K,  91% used [0x04560000, 0x045d58d8, 0x045e0000)
  to   space 512K,   0% used [0x045e0000, 0x045e0000, 0x04660000)
 tenured generation   total 10944K, used 3825K [0x09660000, 0x0a110000, 0x14110000)
   the space 10944K,  34% used [0x09660000, 0x09a1c6d8, 0x09a1c800, 0x0a110000)
 compacting perm gen  total 12288K, used 6177K [0x14110000, 0x14d10000, 0x18110000)
   the space 12288K,  50% used [0x14110000, 0x14718658, 0x14718800, 0x14d10000)
No shared spaces configured.

Dynamic libraries:
0x00400000 - 0x00424000 	C:\Users\Welcome\Desktop\sentry gun project\processing-1.5.1\java\bin\java.exe
0x77df0000 - 0x77f57000 	C:\Windows\SYSTEM32\ntdll.dll
0x779d0000 - 0x77b10000 	C:\Windows\SYSTEM32\KERNEL32.DLL
0x75990000 - 0x75a60000 	C:\Windows\SYSTEM32\KERNELBASE.dll
0x73b10000 - 0x73ba9000 	C:\Windows\system32\apphelp.dll
0x6ed30000 - 0x6ef89000 	C:\Windows\AppPatch\AcGenral.DLL
0x75840000 - 0x758fe000 	C:\Windows\SYSTEM32\msvcrt.dll
0x75c80000 - 0x75cbe000 	C:\Windows\SYSTEM32\sechost.dll
0x75800000 - 0x7581d000 	C:\Windows\SYSTEM32\SspiCli.dll
0x77430000 - 0x77471000 	C:\Windows\SYSTEM32\SHLWAPI.dll
0x71cc0000 - 0x71d9b000 	C:\Windows\SYSTEM32\UxTheme.dll
0x75b20000 - 0x75c6c000 	C:\Windows\SYSTEM32\USER32.dll
0x77c10000 - 0x77d17000 	C:\Windows\SYSTEM32\GDI32.dll
0x739f0000 - 0x73a10000 	C:\Windows\SYSTEM32\WINMM.dll
0x72210000 - 0x72222000 	C:\Windows\SYSTEM32\samcli.dll
0x76000000 - 0x7610c000 	C:\Windows\SYSTEM32\ole32.dll
0x77480000 - 0x77515000 	C:\Windows\SYSTEM32\OLEAUT32.dll
0x72350000 - 0x72365000 	C:\Windows\SYSTEM32\MSACM32.dll
0x754a0000 - 0x754a8000 	C:\Windows\SYSTEM32\VERSION.dll
0x76270000 - 0x77427000 	C:\Windows\SYSTEM32\SHELL32.dll
0x74e00000 - 0x74e19000 	C:\Windows\SYSTEM32\USERENV.dll
0x738c0000 - 0x738d8000 	C:\Windows\SYSTEM32\dwmapi.dll
0x71600000 - 0x7174a000 	C:\Windows\SYSTEM32\urlmon.dll
0x77520000 - 0x77598000 	C:\Windows\SYSTEM32\ADVAPI32.dll
0x71fb0000 - 0x7200e000 	C:\Windows\SYSTEM32\WINSPOOL.DRV
0x738e0000 - 0x738f4000 	C:\Windows\SYSTEM32\MPR.dll
0x77b60000 - 0x77c10000 	C:\Windows\SYSTEM32\RPCRT4.dll
0x757f0000 - 0x757f9000 	C:\Windows\SYSTEM32\CRYPTBASE.dll
0x76120000 - 0x7626e000 	C:\Windows\SYSTEM32\combase.dll
0x735a0000 - 0x735c0000 	C:\Windows\SYSTEM32\WINMMBASE.dll
0x74de0000 - 0x74dee000 	C:\Windows\SYSTEM32\profapi.dll
0x74e20000 - 0x75052000 	C:\Windows\SYSTEM32\iertutil.dll
0x751a0000 - 0x75376000 	C:\Windows\SYSTEM32\WININET.dll
0x75790000 - 0x757e2000 	C:\Windows\SYSTEM32\bcryptPrimitives.dll
0x77b20000 - 0x77b5a000 	C:\Windows\SYSTEM32\cfgmgr32.dll
0x73570000 - 0x7358f000 	C:\Windows\SYSTEM32\DEVOBJ.dll
0x73ce0000 - 0x73d56000 	C:\Windows\SYSTEM32\SHCORE.DLL
0x77850000 - 0x77875000 	C:\Windows\system32\IMM32.DLL
0x77880000 - 0x77977000 	C:\Windows\SYSTEM32\MSCTF.dll
0x7c340000 - 0x7c396000 	C:\Users\Welcome\Desktop\sentry gun project\processing-1.5.1\java\bin\msvcr71.dll
0x6d8a0000 - 0x6db46000 	C:\Users\Welcome\Desktop\sentry gun project\processing-1.5.1\java\bin\client\jvm.dll
0x6d850000 - 0x6d85c000 	C:\Users\Welcome\Desktop\sentry gun project\processing-1.5.1\java\bin\verify.dll
0x6d3d0000 - 0x6d3ef000 	C:\Users\Welcome\Desktop\sentry gun project\processing-1.5.1\java\bin\java.dll
0x6d330000 - 0x6d338000 	C:\Users\Welcome\Desktop\sentry gun project\processing-1.5.1\java\bin\hpi.dll
0x76110000 - 0x76116000 	C:\Windows\SYSTEM32\PSAPI.DLL
0x6d420000 - 0x6d449000 	C:\Users\Welcome\Desktop\sentry gun project\processing-1.5.1\java\bin\jdwp.dll
0x6d740000 - 0x6d746000 	C:\Users\Welcome\Desktop\sentry gun project\processing-1.5.1\java\bin\npt.dll
0x6d890000 - 0x6d89f000 	C:\Users\Welcome\Desktop\sentry gun project\processing-1.5.1\java\bin\zip.dll
0x6d2a0000 - 0x6d2a8000 	C:\Users\Welcome\Desktop\sentry gun project\processing-1.5.1\java\bin\dt_shmem.dll
0x6d0b0000 - 0x6d1fa000 	C:\Users\Welcome\Desktop\sentry gun project\processing-1.5.1\java\bin\awt.dll
0x71db0000 - 0x71f96000 	C:\Windows\WinSxS\x86_microsoft.windows.common-controls_6595b64144ccf1df_6.0.9600.17031_none_a9efdb8b01377ea7\COMCTL32.dll
0x73180000 - 0x73189000 	C:\Windows\SYSTEM32\kernel.appcore.dll
0x6d2e0000 - 0x6d32f000 	C:\Users\Welcome\Desktop\sentry gun project\processing-1.5.1\java\bin\fontmanager.dll
0x6d5c0000 - 0x6d5e4000 	C:\Users\Welcome\Desktop\sentry gun project\processing-1.5.1\java\bin\jsound.dll
0x6d5f0000 - 0x6d5f8000 	C:\Users\Welcome\Desktop\sentry gun project\processing-1.5.1\java\bin\jsoundds.dll
0x714e0000 - 0x71559000 	C:\Windows\SYSTEM32\DSOUND.dll
0x742c0000 - 0x742fe000 	C:\Windows\SYSTEM32\POWRPROF.dll
0x72300000 - 0x7234a000 	C:\Windows\SYSTEM32\MMDevAPI.DLL
0x722c0000 - 0x722f4000 	C:\Windows\SYSTEM32\wdmaud.drv
0x71fa0000 - 0x71fa7000 	C:\Windows\SYSTEM32\ksuser.dll
0x71b10000 - 0x71b19000 	C:\Windows\SYSTEM32\AVRT.dll
0x715a0000 - 0x71600000 	C:\Windows\SYSTEM32\AUDIOSES.DLL
0x73060000 - 0x73069000 	C:\Windows\SYSTEM32\msacm32.drv
0x72530000 - 0x72538000 	C:\Windows\SYSTEM32\midimap.dll
0x775a0000 - 0x7761d000 	C:\Windows\SYSTEM32\clbcatq.dll
0x1b200000 - 0x1b21b000 	C:\Users\Welcome\Documents\Processing\libraries\JMyron\library\JMyron.dll
0x1b230000 - 0x1b244000 	C:\Users\Welcome\Desktop\sentry gun project\processing-1.5.1\myron_ezcam.dll
0x1b250000 - 0x1b263000 	C:\Users\Welcome\Desktop\sentry gun project\processing-1.5.1\DSVL.dll
0x6f0d0000 - 0x6f24b000 	C:\Windows\SYSTEM32\QUARTZ.dll
0x7c3a0000 - 0x7c41b000 	C:\Windows\SYSTEM32\MSVCP71.dll
0x71560000 - 0x71591000 	C:\Windows\SYSTEM32\qcap.dll
0x714b0000 - 0x714d2000 	C:\Windows\SYSTEM32\MSVFW32.dll
0x6f340000 - 0x6f3bb000 	C:\Windows\SYSTEM32\qedit.dll
0x75900000 - 0x7598a000 	C:\Windows\SYSTEM32\COMDLG32.dll
0x73330000 - 0x7347d000 	C:\Windows\WinSxS\x86_microsoft.windows.gdiplus_6595b64144ccf1df_1.1.9600.17227_none_dad9452e5bcb7986\gdiplus.dll
0x6f320000 - 0x6f333000 	C:\Windows\SYSTEM32\devenum.dll
0x75d00000 - 0x75ead000 	C:\Windows\SYSTEM32\setupapi.dll
0x73540000 - 0x73565000 	C:\Windows\SYSTEM32\ntmarta.dll
0x75cc0000 - 0x75cf8000 	C:\Windows\SYSTEM32\WINTRUST.dll
0x77630000 - 0x777af000 	C:\Windows\SYSTEM32\CRYPT32.dll
0x75c70000 - 0x75c7e000 	C:\Windows\SYSTEM32\MSASN1.dll
0x722b0000 - 0x722bb000 	C:\Windows\SYSTEM32\msdmo.dll

VM Arguments:
jvm_args: -Xrunjdwp:transport=dt_shmem,address=127.0.0.1:8032,suspend=y -Djava.library.path=;C:\Users\Welcome\Documents\Processing\libraries\JMyron\library;C:\Users\Welcome\Documents\Processing\libraries\blobDetection\library;C:\Users\Welcome\Desktop\sentry gun project\processing-1.5.1\modes\java\libraries\serial\library\windows32;C:\Users\Welcome\Desktop\sentry gun project\processing-1.5.1\modes\java\libraries\minim\library;C:\Users\Welcome\Desktop\sentry gun project\processing-1.5.1\modes\java\libraries\opengl\library\windows32;C:\Users\Welcome\Documents\Processing\libraries\procontroll\library;C:\Users\Welcome\Documents\Processing\libraries\guicomponents\library;C:\Users\Welcome\Desktop\sentry gun project\processing-1.5.1\java\bin;.;C:\Windows\system32;C:\Windows;C:\ProgramData\Oracle\Java\javapath;C:\Python27;C:\Python27\Scripts;C:\Program Files (x86)\NVIDIA Corporation\PhysX\Common;C:\Program Files\Broadcom\Broadcom 802.11;C:\Program Files (x86)\Intel\iCLS Client;C:\Program Files\Intel\iCLS Client;C:\Windows\system32;C:\Windows;C:\Windows\System32\Wbem;C:\Windows\System32\WindowsPowerShell\v1.0;C:\Program Files\Hewlett-Packard\SimplePass;C:\Program Files\Intel\Intel(R) Management Engine Components\DAL;C:\Program Files\Intel\Intel(R) Management Engine Components\IPT;C:\Program Files (x86)\Intel\Intel(R) Management Engine Components\DAL;C:\Program Files (x86)\Intel\Intel(R) Management Engine Components\IPT;C:\Program Files (x86)\Common Files\Adobe\AGL;C:\Program Files\PTC\Creo Elements\Pro5.0\bin;C:\Program Files\PTC\Creo Elements\Pro5.0\bin;C:\Program Files\PTC\Creo Elements\Pro5.0\bin;C:\adb;C:\Users\Welcome\Desktop\sentry gun project\processing-1.5.1\java\bin -ea 
java_command: processing.core.PApplet --editor-location=333,84 --external --display=-1 --sketch-path=C:\Users\Welcome\Desktop\sentry gun project\Project-Sentry-Gun-master\Processing\PSG_Processing_Code PSG_Processing_Code
Launcher Type: SUN_STANDARD

Environment Variables:
PATH=C:\ProgramData\Oracle\Java\javapath;C:\Python27\;C:\Python27\Scripts;C:\Program Files (x86)\NVIDIA Corporation\PhysX\Common;C:\Program Files\Broadcom\Broadcom 802.11;C:\Program Files (x86)\Intel\iCLS Client\;C:\Program Files\Intel\iCLS Client\;C:\Windows\system32;C:\Windows;C:\Windows\System32\Wbem;C:\Windows\System32\WindowsPowerShell\v1.0\;C:\Program Files\Hewlett-Packard\SimplePass\;C:\Program Files\Intel\Intel(R) Management Engine Components\DAL;C:\Program Files\Intel\Intel(R) Management Engine Components\IPT;C:\Program Files (x86)\Intel\Intel(R) Management Engine Components\DAL;C:\Program Files (x86)\Intel\Intel(R) Management Engine Components\IPT;C:\Program Files (x86)\Common Files\Adobe\AGL;C:\Program Files\PTC\Creo Elements\Pro5.0\bin;C:\Program Files\PTC\Creo Elements\Pro5.0\bin;C:\Program Files\PTC\Creo Elements\Pro5.0\bin;C:\adb;C:\Users\Welcome\AppData\Roaming\Python\Scripts;C:\Users\Welcome\Desktop\sentry gun project\processing-1.5.1\java\bin
USERNAME=Welcome
OS=Windows_NT
PROCESSOR_IDENTIFIER=Intel64 Family 6 Model 69 Stepping 1, GenuineIntel



---------------  S Y S T E M  ---------------

OS: Windows NT 6.2 Build 9200 

CPU:total 4 (2 cores per cpu, 2 threads per core) family 6 model 69 stepping 1, cmov, cx8, fxsr, mmx, sse, sse2, sse3, ssse3, sse4.1, sse4.2, popcnt, ht

Memory: 4k page, physical 4122776k(2853240k free), swap 4843672k(3020908k free)

vm_info: Java HotSpot(TM) Client VM (19.1-b02) for windows-x86 JRE (1.6.0_24-b07), built on Feb  2 2011 17:44:41 by "java_re" with MS VC++ 7.1 (VS2003)

time: Mon Apr 03 12:35:37 2017
elapsed time: 4 seconds

